{"name": "test_add", "status": "failed", "statusDetails": {"message": "AssertionError: assert 1 == 0", "trace": "self = <testDemo.test_shop.TestShop object at 0x000001D899EEE370>\n\n    @allure.feature(\"购物车\")\n    @allure.story(\"商品添加\")\n    def test_add(self):\n        print(\"添加----add\")\n>       assert 1 == 0\nE       assert 1 == 0\n\ntest_shop.py:19: AssertionError"}, "attachments": [{"name": "stdout", "source": "1526fb3e-2f0e-49a5-97af-e252f369c165-attachment.txt", "type": "text/plain"}], "start": 1670916954688, "stop": 1670916954689, "uuid": "08db9938-7a7a-46db-9175-79bfdeeca660", "historyId": "dd9942fa067ba089789825b65d6367ff", "testCaseId": "394aef387a8770861a5cc95da49b1ca7", "fullName": "test_shop.TestShop#test_add", "labels": [{"name": "feature", "value": "购物车"}, {"name": "story", "value": "商品添加"}, {"name": "suite", "value": "test_shop"}, {"name": "subSuite", "value": "TestShop"}, {"name": "host", "value": "navy"}, {"name": "thread", "value": "26116-MainThread"}, {"name": "framework", "value": "pytest"}, {"name": "language", "value": "cpython3"}, {"name": "package", "value": "test_shop"}]}