{"name": "test_add", "status": "failed", "statusDetails": {"message": "AssertionError: assert 1 == 0", "trace": "self = <testDemo.test_shop.TestShop object at 0x0000027D107BDA60>\n\n    @allure.feature(\"购物车\")\n    @allure.story(\"商品添加\")\n    def test_add(self):\n        print(\"添加----add\")\n>       assert 1 == 0\nE       assert 1 == 0\n\ntest_shop.py:19: AssertionError"}, "attachments": [{"name": "stdout", "source": "ba8999f6-f96d-4b4c-b3e6-f6b869bae570-attachment.txt", "type": "text/plain"}], "start": 1670915525491, "stop": 1670915525491, "uuid": "347544dd-b8c7-4742-9036-80941969b9a9", "historyId": "dd9942fa067ba089789825b65d6367ff", "testCaseId": "394aef387a8770861a5cc95da49b1ca7", "fullName": "test_shop.TestShop#test_add", "labels": [{"name": "story", "value": "商品添加"}, {"name": "feature", "value": "购物车"}, {"name": "suite", "value": "test_shop"}, {"name": "subSuite", "value": "TestShop"}, {"name": "host", "value": "navy"}, {"name": "thread", "value": "13808-MainThread"}, {"name": "framework", "value": "pytest"}, {"name": "language", "value": "cpython3"}, {"name": "package", "value": "test_shop"}]}